mode: set
github.com/antonvlasov/geo/client/client.go:9.47,12.2 2 1
github.com/antonvlasov/geo/client/client.go:13.46,16.2 2 1
github.com/antonvlasov/geo/client/client.go:17.46,20.2 2 1
github.com/antonvlasov/geo/client/client.go:21.46,24.2 2 1
github.com/antonvlasov/geo/client/client.go:25.47,28.2 2 1
github.com/antonvlasov/geo/client/client.go:29.47,32.2 2 1
github.com/antonvlasov/geo/client/client.go:33.48,36.2 2 1
github.com/antonvlasov/geo/client/client.go:37.48,40.2 2 1
github.com/antonvlasov/geo/client/client.go:41.47,44.2 2 1
github.com/antonvlasov/geo/client/client.go:45.47,48.2 2 1
github.com/antonvlasov/geo/client/client.go:49.47,52.2 2 1
github.com/antonvlasov/geo/client/client.go:53.47,56.2 2 1
github.com/antonvlasov/geo/client/client.go:57.49,60.2 2 1
github.com/antonvlasov/geo/server/server.go:23.37,28.2 1 1
github.com/antonvlasov/geo/server/server.go:30.98,32.2 1 1
github.com/antonvlasov/geo/server/server.go:33.82,34.26 1 1
github.com/antonvlasov/geo/server/server.go:38.2,38.33 1 1
github.com/antonvlasov/geo/server/server.go:41.2,42.13 2 1
github.com/antonvlasov/geo/server/server.go:49.2,50.16 2 1
github.com/antonvlasov/geo/server/server.go:53.2,53.12 1 1
github.com/antonvlasov/geo/server/server.go:34.26,37.3 2 0
github.com/antonvlasov/geo/server/server.go:38.33,40.3 1 0
github.com/antonvlasov/geo/server/server.go:42.13,44.14 2 1
github.com/antonvlasov/geo/server/server.go:44.14,46.4 1 0
github.com/antonvlasov/geo/server/server.go:50.16,52.3 1 0
github.com/antonvlasov/geo/server/server.go:56.67,59.16 3 1
github.com/antonvlasov/geo/server/server.go:62.2,62.6 1 1
github.com/antonvlasov/geo/server/server.go:59.16,61.3 1 1
github.com/antonvlasov/geo/server/server.go:62.6,64.17 2 1
github.com/antonvlasov/geo/server/server.go:67.3,68.26 2 1
github.com/antonvlasov/geo/server/server.go:64.17,66.4 1 0
github.com/antonvlasov/geo/server/server.go:68.26,70.8 2 1
github.com/antonvlasov/geo/server/server.go:70.8,72.22 2 1
github.com/antonvlasov/geo/server/server.go:75.5,75.19 1 1
github.com/antonvlasov/geo/server/server.go:78.5,81.19 3 1
github.com/antonvlasov/geo/server/server.go:88.5,89.19 2 1
github.com/antonvlasov/geo/server/server.go:72.22,73.11 1 1
github.com/antonvlasov/geo/server/server.go:75.19,77.6 1 0
github.com/antonvlasov/geo/server/server.go:81.19,83.20 2 0
github.com/antonvlasov/geo/server/server.go:86.6,86.14 1 0
github.com/antonvlasov/geo/server/server.go:83.20,85.7 1 0
github.com/antonvlasov/geo/server/server.go:89.19,91.20 2 0
github.com/antonvlasov/geo/server/server.go:91.20,93.7 1 0
github.com/antonvlasov/geo/server/server.go:105.61,112.2 3 1
github.com/antonvlasov/geo/cache/cache.go:20.37,22.2 1 0
github.com/antonvlasov/geo/cache/cache.go:28.27,30.2 1 1
github.com/antonvlasov/geo/cache/cache.go:32.60,35.2 2 1
github.com/antonvlasov/geo/cache/cache.go:36.44,38.2 1 0
github.com/antonvlasov/geo/cache/cache.go:44.31,46.2 1 1
github.com/antonvlasov/geo/cache/cache.go:73.23,75.2 1 1
github.com/antonvlasov/geo/cache/cache.go:83.35,85.2 1 1
github.com/antonvlasov/geo/cache/cache.go:86.34,88.2 1 1
github.com/antonvlasov/geo/cache/cache.go:89.44,91.2 1 1
github.com/antonvlasov/geo/cache/cache.go:92.39,96.2 3 1
github.com/antonvlasov/geo/cache/cache.go:97.43,103.2 5 1
github.com/antonvlasov/geo/cache/cache.go:104.47,108.2 3 1
github.com/antonvlasov/geo/cache/cache.go:121.46,123.2 1 1
github.com/antonvlasov/geo/cache/cache.go:126.52,128.2 1 1
github.com/antonvlasov/geo/cache/cache.go:131.41,133.8 2 1
github.com/antonvlasov/geo/cache/cache.go:136.2,136.11 1 1
github.com/antonvlasov/geo/cache/cache.go:133.8,135.3 1 1
github.com/antonvlasov/geo/cache/cache.go:140.66,141.18 1 1
github.com/antonvlasov/geo/cache/cache.go:141.18,144.3 2 1
github.com/antonvlasov/geo/cache/cache.go:144.8,146.9 2 0
github.com/antonvlasov/geo/cache/cache.go:146.9,148.4 1 0
github.com/antonvlasov/geo/cache/cache.go:153.32,154.6 1 1
github.com/antonvlasov/geo/cache/cache.go:154.6,157.24 3 1
github.com/antonvlasov/geo/cache/cache.go:172.3,172.20 1 1
github.com/antonvlasov/geo/cache/cache.go:157.24,160.84 2 1
github.com/antonvlasov/geo/cache/cache.go:160.84,161.46 1 1
github.com/antonvlasov/geo/cache/cache.go:161.46,166.27 5 1
github.com/antonvlasov/geo/cache/cache.go:166.27,167.12 1 1
github.com/antonvlasov/geo/cache/cache.go:175.66,176.20 1 1
github.com/antonvlasov/geo/cache/cache.go:180.2,184.28 5 1
github.com/antonvlasov/geo/cache/cache.go:191.2,193.8 3 1
github.com/antonvlasov/geo/cache/cache.go:176.20,179.3 2 0
github.com/antonvlasov/geo/cache/cache.go:184.28,186.12 2 1
github.com/antonvlasov/geo/cache/cache.go:186.12,189.4 2 1
github.com/antonvlasov/geo/cache/cache.go:195.65,196.20 1 1
github.com/antonvlasov/geo/cache/cache.go:200.2,202.22 3 1
github.com/antonvlasov/geo/cache/cache.go:208.2,210.8 3 1
github.com/antonvlasov/geo/cache/cache.go:196.20,199.3 2 1
github.com/antonvlasov/geo/cache/cache.go:202.22,204.14 2 1
github.com/antonvlasov/geo/cache/cache.go:204.14,206.4 1 1
github.com/antonvlasov/geo/cache/cache.go:212.65,213.20 1 1
github.com/antonvlasov/geo/cache/cache.go:217.2,220.22 4 1
github.com/antonvlasov/geo/cache/cache.go:228.2,228.8 1 1
github.com/antonvlasov/geo/cache/cache.go:213.20,216.3 2 1
github.com/antonvlasov/geo/cache/cache.go:221.14,222.28 1 1
github.com/antonvlasov/geo/cache/cache.go:223.11,224.21 1 1
github.com/antonvlasov/geo/cache/cache.go:225.10,226.72 1 0
github.com/antonvlasov/geo/cache/cache.go:230.65,231.38 1 1
github.com/antonvlasov/geo/cache/cache.go:236.2,240.20 4 1
github.com/antonvlasov/geo/cache/cache.go:258.2,262.8 4 1
github.com/antonvlasov/geo/cache/cache.go:231.38,234.3 2 1
github.com/antonvlasov/geo/cache/cache.go:240.20,243.22 3 1
github.com/antonvlasov/geo/cache/cache.go:243.22,245.18 2 1
github.com/antonvlasov/geo/cache/cache.go:249.4,250.16 2 1
github.com/antonvlasov/geo/cache/cache.go:245.18,247.5 1 0
github.com/antonvlasov/geo/cache/cache.go:250.16,252.5 1 1
github.com/antonvlasov/geo/cache/cache.go:253.9,256.4 2 0
github.com/antonvlasov/geo/cache/cache.go:264.68,265.20 1 1
github.com/antonvlasov/geo/cache/cache.go:269.2,272.19 4 1
github.com/antonvlasov/geo/cache/cache.go:287.2,287.8 1 1
github.com/antonvlasov/geo/cache/cache.go:265.20,268.3 2 0
github.com/antonvlasov/geo/cache/cache.go:272.19,274.3 1 0
github.com/antonvlasov/geo/cache/cache.go:274.8,278.17 4 1
github.com/antonvlasov/geo/cache/cache.go:281.3,285.27 5 1
github.com/antonvlasov/geo/cache/cache.go:278.17,280.4 1 0
github.com/antonvlasov/geo/cache/cache.go:289.66,291.23 2 1
github.com/antonvlasov/geo/cache/cache.go:295.2,299.28 5 1
github.com/antonvlasov/geo/cache/cache.go:312.2,312.28 1 1
github.com/antonvlasov/geo/cache/cache.go:318.2,319.8 2 1
github.com/antonvlasov/geo/cache/cache.go:291.23,294.3 2 1
github.com/antonvlasov/geo/cache/cache.go:299.28,300.24 1 1
github.com/antonvlasov/geo/cache/cache.go:301.12,304.28 3 1
github.com/antonvlasov/geo/cache/cache.go:305.16,306.9 1 1
github.com/antonvlasov/geo/cache/cache.go:307.11,309.10 2 0
github.com/antonvlasov/geo/cache/cache.go:312.28,316.3 3 1
github.com/antonvlasov/geo/cache/cache.go:321.66,322.20 1 1
github.com/antonvlasov/geo/cache/cache.go:326.2,329.23 4 1
github.com/antonvlasov/geo/cache/cache.go:344.2,344.8 1 1
github.com/antonvlasov/geo/cache/cache.go:322.20,325.3 2 1
github.com/antonvlasov/geo/cache/cache.go:330.15,333.10 3 1
github.com/antonvlasov/geo/cache/cache.go:338.11,339.21 1 1
github.com/antonvlasov/geo/cache/cache.go:340.10,342.9 2 1
github.com/antonvlasov/geo/cache/cache.go:333.10,335.4 1 0
github.com/antonvlasov/geo/cache/cache.go:335.9,337.4 1 1
github.com/antonvlasov/geo/cache/cache.go:346.67,347.19 1 1
github.com/antonvlasov/geo/cache/cache.go:351.2,354.23 4 1
github.com/antonvlasov/geo/cache/cache.go:365.2,366.36 2 1
github.com/antonvlasov/geo/cache/cache.go:370.2,371.8 2 1
github.com/antonvlasov/geo/cache/cache.go:347.19,350.3 2 0
github.com/antonvlasov/geo/cache/cache.go:355.11,358.27 3 1
github.com/antonvlasov/geo/cache/cache.go:359.17,360.8 1 1
github.com/antonvlasov/geo/cache/cache.go:361.10,363.9 2 0
github.com/antonvlasov/geo/cache/cache.go:366.36,368.3 1 1
github.com/antonvlasov/geo/cache/cache.go:373.67,374.19 1 1
github.com/antonvlasov/geo/cache/cache.go:378.2,381.23 4 1
github.com/antonvlasov/geo/cache/cache.go:392.2,393.36 2 1
github.com/antonvlasov/geo/cache/cache.go:397.2,398.8 2 1
github.com/antonvlasov/geo/cache/cache.go:374.19,377.3 2 0
github.com/antonvlasov/geo/cache/cache.go:382.11,385.27 3 1
github.com/antonvlasov/geo/cache/cache.go:386.17,387.8 1 1
github.com/antonvlasov/geo/cache/cache.go:388.10,390.9 2 0
github.com/antonvlasov/geo/cache/cache.go:393.36,395.3 1 1
github.com/antonvlasov/geo/cache/cache.go:400.66,401.36 1 1
github.com/antonvlasov/geo/cache/cache.go:405.2,408.23 4 1
github.com/antonvlasov/geo/cache/cache.go:428.2,428.8 1 1
github.com/antonvlasov/geo/cache/cache.go:401.36,404.3 2 0
github.com/antonvlasov/geo/cache/cache.go:409.11,410.21 1 1
github.com/antonvlasov/geo/cache/cache.go:411.17,413.20 2 1
github.com/antonvlasov/geo/cache/cache.go:421.3,421.28 1 1
github.com/antonvlasov/geo/cache/cache.go:424.10,426.9 2 0
github.com/antonvlasov/geo/cache/cache.go:413.20,415.18 2 1
github.com/antonvlasov/geo/cache/cache.go:415.18,417.5 1 1
github.com/antonvlasov/geo/cache/cache.go:418.9,420.4 1 1
github.com/antonvlasov/geo/cache/cache.go:421.28,423.4 1 1
github.com/antonvlasov/geo/cache/cache.go:430.66,431.36 1 1
github.com/antonvlasov/geo/cache/cache.go:435.2,438.23 4 1
github.com/antonvlasov/geo/cache/cache.go:458.2,458.8 1 1
github.com/antonvlasov/geo/cache/cache.go:431.36,434.3 2 0
github.com/antonvlasov/geo/cache/cache.go:439.11,440.21 1 1
github.com/antonvlasov/geo/cache/cache.go:441.17,443.20 2 1
github.com/antonvlasov/geo/cache/cache.go:451.3,451.28 1 1
github.com/antonvlasov/geo/cache/cache.go:454.10,456.9 2 0
github.com/antonvlasov/geo/cache/cache.go:443.20,445.18 2 1
github.com/antonvlasov/geo/cache/cache.go:445.18,447.5 1 1
github.com/antonvlasov/geo/cache/cache.go:448.9,450.4 1 1
github.com/antonvlasov/geo/cache/cache.go:451.28,453.4 1 1
github.com/antonvlasov/geo/cache/cache.go:460.89,464.20 4 1
github.com/antonvlasov/geo/cache/cache.go:516.2,516.17 1 1
github.com/antonvlasov/geo/cache/cache.go:521.2,521.22 1 1
github.com/antonvlasov/geo/cache/cache.go:549.2,550.8 2 1
github.com/antonvlasov/geo/cache/cache.go:464.20,466.17 2 1
github.com/antonvlasov/geo/cache/cache.go:469.3,470.17 2 1
github.com/antonvlasov/geo/cache/cache.go:473.3,474.17 2 1
github.com/antonvlasov/geo/cache/cache.go:477.3,478.17 2 1
github.com/antonvlasov/geo/cache/cache.go:466.17,468.4 1 0
github.com/antonvlasov/geo/cache/cache.go:470.17,472.4 1 0
github.com/antonvlasov/geo/cache/cache.go:474.17,476.4 1 0
github.com/antonvlasov/geo/cache/cache.go:478.17,480.4 1 0
github.com/antonvlasov/geo/cache/cache.go:481.8,481.27 1 1
github.com/antonvlasov/geo/cache/cache.go:481.27,482.23 1 1
github.com/antonvlasov/geo/cache/cache.go:482.23,485.18 3 1
github.com/antonvlasov/geo/cache/cache.go:488.4,489.15 2 1
github.com/antonvlasov/geo/cache/cache.go:493.4,493.28 1 1
github.com/antonvlasov/geo/cache/cache.go:485.18,487.5 1 0
github.com/antonvlasov/geo/cache/cache.go:489.15,492.5 2 1
github.com/antonvlasov/geo/cache/cache.go:493.28,495.5 1 1
github.com/antonvlasov/geo/cache/cache.go:496.9,496.30 1 1
github.com/antonvlasov/geo/cache/cache.go:496.30,499.18 3 1
github.com/antonvlasov/geo/cache/cache.go:502.4,503.30 2 1
github.com/antonvlasov/geo/cache/cache.go:507.4,507.17 1 1
github.com/antonvlasov/geo/cache/cache.go:510.4,510.27 1 1
github.com/antonvlasov/geo/cache/cache.go:499.18,501.5 1 0
github.com/antonvlasov/geo/cache/cache.go:503.30,506.5 2 1
github.com/antonvlasov/geo/cache/cache.go:507.17,509.5 1 1
github.com/antonvlasov/geo/cache/cache.go:511.9,514.4 2 0
github.com/antonvlasov/geo/cache/cache.go:516.17,519.3 2 0
github.com/antonvlasov/geo/cache/cache.go:521.22,523.18 2 1
github.com/antonvlasov/geo/cache/cache.go:527.3,527.38 1 1
github.com/antonvlasov/geo/cache/cache.go:523.18,526.4 2 0
github.com/antonvlasov/geo/cache/cache.go:527.38,532.4 4 1
github.com/antonvlasov/geo/cache/cache.go:533.8,533.29 1 1
github.com/antonvlasov/geo/cache/cache.go:533.29,535.18 2 1
github.com/antonvlasov/geo/cache/cache.go:539.3,539.38 1 1
github.com/antonvlasov/geo/cache/cache.go:535.18,538.4 2 0
github.com/antonvlasov/geo/cache/cache.go:539.38,544.4 4 1
github.com/antonvlasov/geo/cache/cache.go:545.8,548.3 2 0
github.com/antonvlasov/geo/cache/cache.go:552.69,554.16 2 1
github.com/antonvlasov/geo/cache/cache.go:557.2,558.16 2 1
github.com/antonvlasov/geo/cache/cache.go:561.2,562.16 2 1
github.com/antonvlasov/geo/cache/cache.go:565.2,565.12 1 1
github.com/antonvlasov/geo/cache/cache.go:554.16,556.3 1 0
github.com/antonvlasov/geo/cache/cache.go:558.16,560.3 1 0
github.com/antonvlasov/geo/cache/cache.go:562.16,564.3 1 0
github.com/antonvlasov/geo/cache/cache.go:567.50,568.40 1 1
github.com/antonvlasov/geo/cache/cache.go:571.2,572.33 2 1
github.com/antonvlasov/geo/cache/cache.go:583.2,583.13 1 1
github.com/antonvlasov/geo/cache/cache.go:568.40,570.3 1 0
github.com/antonvlasov/geo/cache/cache.go:572.33,574.45 2 1
github.com/antonvlasov/geo/cache/cache.go:574.45,576.4 1 1
github.com/antonvlasov/geo/cache/cache.go:577.8,579.61 2 1
github.com/antonvlasov/geo/cache/cache.go:579.61,581.4 1 1
github.com/antonvlasov/geo/cache/cache.go:585.50,586.15 1 1
github.com/antonvlasov/geo/cache/cache.go:589.2,589.15 1 1
github.com/antonvlasov/geo/cache/cache.go:592.2,592.21 1 1
github.com/antonvlasov/geo/cache/cache.go:595.2,595.19 1 1
github.com/antonvlasov/geo/cache/cache.go:586.15,588.3 1 1
github.com/antonvlasov/geo/cache/cache.go:589.15,591.3 1 0
github.com/antonvlasov/geo/cache/cache.go:592.21,594.3 1 0
github.com/antonvlasov/geo/cache/cache.go:597.66,598.20 1 1
github.com/antonvlasov/geo/cache/cache.go:602.2,605.23 4 1
github.com/antonvlasov/geo/cache/cache.go:625.2,625.8 1 1
github.com/antonvlasov/geo/cache/cache.go:598.20,601.3 2 0
github.com/antonvlasov/geo/cache/cache.go:606.17,610.17 4 1
github.com/antonvlasov/geo/cache/cache.go:613.3,614.18 2 1
github.com/antonvlasov/geo/cache/cache.go:619.3,620.18 2 1
github.com/antonvlasov/geo/cache/cache.go:621.10,623.9 2 0
github.com/antonvlasov/geo/cache/cache.go:610.17,612.4 1 0
github.com/antonvlasov/geo/cache/cache.go:614.18,617.4 2 0
github.com/antonvlasov/geo/cache/cache.go:627.66,628.20 1 1
github.com/antonvlasov/geo/cache/cache.go:632.2,635.23 4 1
github.com/antonvlasov/geo/cache/cache.go:654.2,654.8 1 1
github.com/antonvlasov/geo/cache/cache.go:628.20,631.3 2 0
github.com/antonvlasov/geo/cache/cache.go:636.17,640.17 4 1
github.com/antonvlasov/geo/cache/cache.go:644.3,645.18 2 1
github.com/antonvlasov/geo/cache/cache.go:649.3,649.33 1 1
github.com/antonvlasov/geo/cache/cache.go:650.10,652.9 2 0
github.com/antonvlasov/geo/cache/cache.go:640.17,642.4 1 0
github.com/antonvlasov/geo/cache/cache.go:645.18,647.4 1 0
github.com/antonvlasov/geo/cache/cache.go:657.90,658.16 1 0
github.com/antonvlasov/geo/cache/cache.go:659.14,660.22 1 0
github.com/antonvlasov/geo/cache/cache.go:661.13,662.21 1 0
github.com/antonvlasov/geo/cache/cache.go:663.13,664.21 1 0
github.com/antonvlasov/geo/cache/cache.go:665.13,666.21 1 0
github.com/antonvlasov/geo/cache/cache.go:667.14,668.22 1 0
github.com/antonvlasov/geo/cache/cache.go:669.14,670.22 1 0
github.com/antonvlasov/geo/cache/cache.go:671.15,672.23 1 0
github.com/antonvlasov/geo/cache/cache.go:673.15,674.23 1 0
github.com/antonvlasov/geo/cache/cache.go:675.14,676.22 1 0
github.com/antonvlasov/geo/cache/cache.go:677.14,678.22 1 0
github.com/antonvlasov/geo/cache/cache.go:679.14,680.22 1 0
github.com/antonvlasov/geo/cache/cache.go:681.14,682.22 1 0
github.com/antonvlasov/geo/cache/cache.go:683.16,684.24 1 0
github.com/antonvlasov/geo/cache/cache.go:685.10,687.9 2 0
