mode: set
github.com/antonvlasov/geo/client/client.go:9.47,12.2 2 1
github.com/antonvlasov/geo/client/client.go:13.46,16.2 2 1
github.com/antonvlasov/geo/client/client.go:17.46,20.2 2 1
github.com/antonvlasov/geo/client/client.go:21.46,24.2 2 1
github.com/antonvlasov/geo/client/client.go:25.47,28.2 2 1
github.com/antonvlasov/geo/client/client.go:29.47,32.2 2 1
github.com/antonvlasov/geo/client/client.go:33.48,36.2 2 1
github.com/antonvlasov/geo/client/client.go:37.48,40.2 2 1
github.com/antonvlasov/geo/client/client.go:41.47,44.2 2 1
github.com/antonvlasov/geo/client/client.go:45.47,48.2 2 1
github.com/antonvlasov/geo/client/client.go:49.47,52.2 2 1
github.com/antonvlasov/geo/client/client.go:53.47,56.2 2 1
github.com/antonvlasov/geo/client/client.go:57.49,60.2 2 1
github.com/antonvlasov/geo/client/client.go:61.47,64.2 2 1
github.com/antonvlasov/geo/client/client.go:65.47,68.2 2 1
github.com/antonvlasov/geo/server/server.go:23.37,28.2 1 1
github.com/antonvlasov/geo/server/server.go:30.98,32.2 1 1
github.com/antonvlasov/geo/server/server.go:33.82,34.26 1 1
github.com/antonvlasov/geo/server/server.go:38.2,38.33 1 1
github.com/antonvlasov/geo/server/server.go:41.2,42.13 2 1
github.com/antonvlasov/geo/server/server.go:49.2,50.16 2 1
github.com/antonvlasov/geo/server/server.go:53.2,53.12 1 1
github.com/antonvlasov/geo/server/server.go:34.26,37.3 2 0
github.com/antonvlasov/geo/server/server.go:38.33,40.3 1 0
github.com/antonvlasov/geo/server/server.go:42.13,44.14 2 1
github.com/antonvlasov/geo/server/server.go:44.14,46.4 1 0
github.com/antonvlasov/geo/server/server.go:50.16,52.3 1 0
github.com/antonvlasov/geo/server/server.go:56.67,59.16 3 1
github.com/antonvlasov/geo/server/server.go:62.2,62.6 1 1
github.com/antonvlasov/geo/server/server.go:59.16,61.3 1 0
github.com/antonvlasov/geo/server/server.go:62.6,64.17 2 1
github.com/antonvlasov/geo/server/server.go:67.3,68.26 2 1
github.com/antonvlasov/geo/server/server.go:64.17,66.4 1 0
github.com/antonvlasov/geo/server/server.go:68.26,70.8 2 1
github.com/antonvlasov/geo/server/server.go:70.8,72.22 2 1
github.com/antonvlasov/geo/server/server.go:75.5,75.19 1 1
github.com/antonvlasov/geo/server/server.go:78.5,81.19 3 1
github.com/antonvlasov/geo/server/server.go:88.5,89.19 2 1
github.com/antonvlasov/geo/server/server.go:72.22,73.11 1 1
github.com/antonvlasov/geo/server/server.go:75.19,77.6 1 0
github.com/antonvlasov/geo/server/server.go:81.19,83.20 2 0
github.com/antonvlasov/geo/server/server.go:86.6,86.14 1 0
github.com/antonvlasov/geo/server/server.go:83.20,85.7 1 0
github.com/antonvlasov/geo/server/server.go:89.19,91.20 2 0
github.com/antonvlasov/geo/server/server.go:91.20,93.7 1 0
github.com/antonvlasov/geo/server/server.go:105.61,112.2 3 1
github.com/antonvlasov/geo/cache/cache.go:22.37,24.2 1 0
github.com/antonvlasov/geo/cache/cache.go:30.27,32.2 1 1
github.com/antonvlasov/geo/cache/cache.go:34.60,37.2 2 1
github.com/antonvlasov/geo/cache/cache.go:38.44,40.2 1 0
github.com/antonvlasov/geo/cache/cache.go:46.23,48.2 1 1
github.com/antonvlasov/geo/cache/cache.go:77.23,79.2 1 1
github.com/antonvlasov/geo/cache/cache.go:87.35,89.2 1 1
github.com/antonvlasov/geo/cache/cache.go:90.34,92.2 1 1
github.com/antonvlasov/geo/cache/cache.go:93.44,95.2 1 1
github.com/antonvlasov/geo/cache/cache.go:96.39,100.2 3 1
github.com/antonvlasov/geo/cache/cache.go:101.43,107.2 5 1
github.com/antonvlasov/geo/cache/cache.go:108.47,112.2 3 1
github.com/antonvlasov/geo/cache/cache.go:125.46,127.2 1 1
github.com/antonvlasov/geo/cache/cache.go:130.52,132.2 1 1
github.com/antonvlasov/geo/cache/cache.go:135.41,137.8 2 1
github.com/antonvlasov/geo/cache/cache.go:140.2,140.11 1 1
github.com/antonvlasov/geo/cache/cache.go:137.8,139.3 1 1
github.com/antonvlasov/geo/cache/cache.go:144.66,145.18 1 1
github.com/antonvlasov/geo/cache/cache.go:145.18,148.3 2 1
github.com/antonvlasov/geo/cache/cache.go:148.8,150.9 2 0
github.com/antonvlasov/geo/cache/cache.go:150.9,152.4 1 0
github.com/antonvlasov/geo/cache/cache.go:157.32,158.6 1 1
github.com/antonvlasov/geo/cache/cache.go:158.6,161.24 3 1
github.com/antonvlasov/geo/cache/cache.go:176.3,176.20 1 1
github.com/antonvlasov/geo/cache/cache.go:161.24,164.84 2 1
github.com/antonvlasov/geo/cache/cache.go:164.84,165.46 1 1
github.com/antonvlasov/geo/cache/cache.go:165.46,170.27 5 1
github.com/antonvlasov/geo/cache/cache.go:170.27,171.12 1 1
github.com/antonvlasov/geo/cache/cache.go:179.66,180.20 1 1
github.com/antonvlasov/geo/cache/cache.go:184.2,188.28 5 1
github.com/antonvlasov/geo/cache/cache.go:195.2,197.8 3 1
github.com/antonvlasov/geo/cache/cache.go:180.20,183.3 2 0
github.com/antonvlasov/geo/cache/cache.go:188.28,190.12 2 1
github.com/antonvlasov/geo/cache/cache.go:190.12,193.4 2 1
github.com/antonvlasov/geo/cache/cache.go:199.65,200.20 1 1
github.com/antonvlasov/geo/cache/cache.go:204.2,206.22 3 1
github.com/antonvlasov/geo/cache/cache.go:212.2,214.8 3 1
github.com/antonvlasov/geo/cache/cache.go:200.20,203.3 2 1
github.com/antonvlasov/geo/cache/cache.go:206.22,208.14 2 1
github.com/antonvlasov/geo/cache/cache.go:208.14,210.4 1 1
github.com/antonvlasov/geo/cache/cache.go:216.65,217.20 1 1
github.com/antonvlasov/geo/cache/cache.go:221.2,224.22 4 1
github.com/antonvlasov/geo/cache/cache.go:232.2,232.8 1 1
github.com/antonvlasov/geo/cache/cache.go:217.20,220.3 2 1
github.com/antonvlasov/geo/cache/cache.go:225.14,226.28 1 1
github.com/antonvlasov/geo/cache/cache.go:227.11,228.21 1 1
github.com/antonvlasov/geo/cache/cache.go:229.10,230.72 1 0
github.com/antonvlasov/geo/cache/cache.go:234.65,235.38 1 1
github.com/antonvlasov/geo/cache/cache.go:240.2,244.20 4 1
github.com/antonvlasov/geo/cache/cache.go:262.2,266.8 4 1
github.com/antonvlasov/geo/cache/cache.go:235.38,238.3 2 1
github.com/antonvlasov/geo/cache/cache.go:244.20,247.22 3 1
github.com/antonvlasov/geo/cache/cache.go:247.22,249.18 2 1
github.com/antonvlasov/geo/cache/cache.go:253.4,254.16 2 1
github.com/antonvlasov/geo/cache/cache.go:249.18,251.5 1 0
github.com/antonvlasov/geo/cache/cache.go:254.16,256.5 1 1
github.com/antonvlasov/geo/cache/cache.go:257.9,260.4 2 0
github.com/antonvlasov/geo/cache/cache.go:268.68,269.20 1 1
github.com/antonvlasov/geo/cache/cache.go:273.2,276.19 4 1
github.com/antonvlasov/geo/cache/cache.go:291.2,291.8 1 1
github.com/antonvlasov/geo/cache/cache.go:269.20,272.3 2 0
github.com/antonvlasov/geo/cache/cache.go:276.19,278.3 1 0
github.com/antonvlasov/geo/cache/cache.go:278.8,282.17 4 1
github.com/antonvlasov/geo/cache/cache.go:285.3,289.27 5 1
github.com/antonvlasov/geo/cache/cache.go:282.17,284.4 1 0
github.com/antonvlasov/geo/cache/cache.go:293.66,295.23 2 1
github.com/antonvlasov/geo/cache/cache.go:299.2,303.28 5 1
github.com/antonvlasov/geo/cache/cache.go:316.2,316.28 1 1
github.com/antonvlasov/geo/cache/cache.go:322.2,323.8 2 1
github.com/antonvlasov/geo/cache/cache.go:295.23,298.3 2 1
github.com/antonvlasov/geo/cache/cache.go:303.28,304.24 1 1
github.com/antonvlasov/geo/cache/cache.go:305.12,308.28 3 1
github.com/antonvlasov/geo/cache/cache.go:309.16,310.9 1 1
github.com/antonvlasov/geo/cache/cache.go:311.11,313.10 2 0
github.com/antonvlasov/geo/cache/cache.go:316.28,320.3 3 1
github.com/antonvlasov/geo/cache/cache.go:325.66,326.20 1 1
github.com/antonvlasov/geo/cache/cache.go:330.2,333.23 4 1
github.com/antonvlasov/geo/cache/cache.go:348.2,348.8 1 1
github.com/antonvlasov/geo/cache/cache.go:326.20,329.3 2 1
github.com/antonvlasov/geo/cache/cache.go:334.15,337.10 3 1
github.com/antonvlasov/geo/cache/cache.go:342.11,343.21 1 1
github.com/antonvlasov/geo/cache/cache.go:344.10,346.9 2 1
github.com/antonvlasov/geo/cache/cache.go:337.10,339.4 1 0
github.com/antonvlasov/geo/cache/cache.go:339.9,341.4 1 1
github.com/antonvlasov/geo/cache/cache.go:350.67,351.19 1 1
github.com/antonvlasov/geo/cache/cache.go:355.2,358.23 4 1
github.com/antonvlasov/geo/cache/cache.go:369.2,370.36 2 1
github.com/antonvlasov/geo/cache/cache.go:374.2,375.8 2 1
github.com/antonvlasov/geo/cache/cache.go:351.19,354.3 2 0
github.com/antonvlasov/geo/cache/cache.go:359.11,362.27 3 1
github.com/antonvlasov/geo/cache/cache.go:363.13,364.8 1 1
github.com/antonvlasov/geo/cache/cache.go:365.10,367.9 2 0
github.com/antonvlasov/geo/cache/cache.go:370.36,372.3 1 1
github.com/antonvlasov/geo/cache/cache.go:377.67,378.19 1 1
github.com/antonvlasov/geo/cache/cache.go:382.2,385.23 4 1
github.com/antonvlasov/geo/cache/cache.go:396.2,397.36 2 1
github.com/antonvlasov/geo/cache/cache.go:401.2,402.8 2 1
github.com/antonvlasov/geo/cache/cache.go:378.19,381.3 2 0
github.com/antonvlasov/geo/cache/cache.go:386.11,389.27 3 1
github.com/antonvlasov/geo/cache/cache.go:390.13,391.8 1 1
github.com/antonvlasov/geo/cache/cache.go:392.10,394.9 2 0
github.com/antonvlasov/geo/cache/cache.go:397.36,399.3 1 1
github.com/antonvlasov/geo/cache/cache.go:404.66,405.36 1 1
github.com/antonvlasov/geo/cache/cache.go:409.2,412.23 4 1
github.com/antonvlasov/geo/cache/cache.go:432.2,432.8 1 1
github.com/antonvlasov/geo/cache/cache.go:405.36,408.3 2 0
github.com/antonvlasov/geo/cache/cache.go:413.11,414.21 1 1
github.com/antonvlasov/geo/cache/cache.go:415.13,417.20 2 1
github.com/antonvlasov/geo/cache/cache.go:425.3,425.28 1 1
github.com/antonvlasov/geo/cache/cache.go:428.10,430.9 2 0
github.com/antonvlasov/geo/cache/cache.go:417.20,419.18 2 1
github.com/antonvlasov/geo/cache/cache.go:419.18,421.5 1 1
github.com/antonvlasov/geo/cache/cache.go:422.9,424.4 1 1
github.com/antonvlasov/geo/cache/cache.go:425.28,427.4 1 1
github.com/antonvlasov/geo/cache/cache.go:434.66,435.36 1 1
github.com/antonvlasov/geo/cache/cache.go:439.2,442.23 4 1
github.com/antonvlasov/geo/cache/cache.go:462.2,462.8 1 1
github.com/antonvlasov/geo/cache/cache.go:435.36,438.3 2 0
github.com/antonvlasov/geo/cache/cache.go:443.11,444.21 1 1
github.com/antonvlasov/geo/cache/cache.go:445.13,447.20 2 1
github.com/antonvlasov/geo/cache/cache.go:455.3,455.28 1 1
github.com/antonvlasov/geo/cache/cache.go:458.10,460.9 2 0
github.com/antonvlasov/geo/cache/cache.go:447.20,449.18 2 1
github.com/antonvlasov/geo/cache/cache.go:449.18,451.5 1 1
github.com/antonvlasov/geo/cache/cache.go:452.9,454.4 1 1
github.com/antonvlasov/geo/cache/cache.go:455.28,457.4 1 1
github.com/antonvlasov/geo/cache/cache.go:464.85,468.20 4 1
github.com/antonvlasov/geo/cache/cache.go:520.2,520.17 1 1
github.com/antonvlasov/geo/cache/cache.go:525.2,525.22 1 1
github.com/antonvlasov/geo/cache/cache.go:553.2,554.8 2 1
github.com/antonvlasov/geo/cache/cache.go:468.20,470.17 2 1
github.com/antonvlasov/geo/cache/cache.go:473.3,474.17 2 1
github.com/antonvlasov/geo/cache/cache.go:477.3,478.17 2 1
github.com/antonvlasov/geo/cache/cache.go:481.3,482.17 2 1
github.com/antonvlasov/geo/cache/cache.go:470.17,472.4 1 0
github.com/antonvlasov/geo/cache/cache.go:474.17,476.4 1 0
github.com/antonvlasov/geo/cache/cache.go:478.17,480.4 1 0
github.com/antonvlasov/geo/cache/cache.go:482.17,484.4 1 0
github.com/antonvlasov/geo/cache/cache.go:485.8,485.27 1 1
github.com/antonvlasov/geo/cache/cache.go:485.27,486.23 1 1
github.com/antonvlasov/geo/cache/cache.go:486.23,489.18 3 1
github.com/antonvlasov/geo/cache/cache.go:492.4,493.15 2 1
github.com/antonvlasov/geo/cache/cache.go:497.4,497.28 1 1
github.com/antonvlasov/geo/cache/cache.go:489.18,491.5 1 0
github.com/antonvlasov/geo/cache/cache.go:493.15,496.5 2 1
github.com/antonvlasov/geo/cache/cache.go:497.28,499.5 1 1
github.com/antonvlasov/geo/cache/cache.go:500.9,500.30 1 1
github.com/antonvlasov/geo/cache/cache.go:500.30,503.18 3 1
github.com/antonvlasov/geo/cache/cache.go:506.4,507.30 2 1
github.com/antonvlasov/geo/cache/cache.go:511.4,511.17 1 1
github.com/antonvlasov/geo/cache/cache.go:514.4,514.27 1 1
github.com/antonvlasov/geo/cache/cache.go:503.18,505.5 1 0
github.com/antonvlasov/geo/cache/cache.go:507.30,510.5 2 1
github.com/antonvlasov/geo/cache/cache.go:511.17,513.5 1 1
github.com/antonvlasov/geo/cache/cache.go:515.9,518.4 2 0
github.com/antonvlasov/geo/cache/cache.go:520.17,523.3 2 0
github.com/antonvlasov/geo/cache/cache.go:525.22,527.18 2 1
github.com/antonvlasov/geo/cache/cache.go:531.3,531.38 1 1
github.com/antonvlasov/geo/cache/cache.go:527.18,530.4 2 0
github.com/antonvlasov/geo/cache/cache.go:531.38,536.4 4 1
github.com/antonvlasov/geo/cache/cache.go:537.8,537.29 1 1
github.com/antonvlasov/geo/cache/cache.go:537.29,539.18 2 1
github.com/antonvlasov/geo/cache/cache.go:543.3,543.38 1 1
github.com/antonvlasov/geo/cache/cache.go:539.18,542.4 2 0
github.com/antonvlasov/geo/cache/cache.go:543.38,548.4 4 1
github.com/antonvlasov/geo/cache/cache.go:549.8,552.3 2 0
github.com/antonvlasov/geo/cache/cache.go:556.69,558.16 2 1
github.com/antonvlasov/geo/cache/cache.go:561.2,562.16 2 1
github.com/antonvlasov/geo/cache/cache.go:565.2,566.16 2 1
github.com/antonvlasov/geo/cache/cache.go:569.2,569.12 1 1
github.com/antonvlasov/geo/cache/cache.go:558.16,560.3 1 0
github.com/antonvlasov/geo/cache/cache.go:562.16,564.3 1 0
github.com/antonvlasov/geo/cache/cache.go:566.16,568.3 1 0
github.com/antonvlasov/geo/cache/cache.go:571.46,572.40 1 1
github.com/antonvlasov/geo/cache/cache.go:575.2,576.33 2 1
github.com/antonvlasov/geo/cache/cache.go:587.2,587.13 1 1
github.com/antonvlasov/geo/cache/cache.go:572.40,574.3 1 0
github.com/antonvlasov/geo/cache/cache.go:576.33,578.45 2 1
github.com/antonvlasov/geo/cache/cache.go:578.45,580.4 1 1
github.com/antonvlasov/geo/cache/cache.go:581.8,583.61 2 1
github.com/antonvlasov/geo/cache/cache.go:583.61,585.4 1 1
github.com/antonvlasov/geo/cache/cache.go:589.50,590.15 1 1
github.com/antonvlasov/geo/cache/cache.go:593.2,593.15 1 1
github.com/antonvlasov/geo/cache/cache.go:596.2,596.21 1 1
github.com/antonvlasov/geo/cache/cache.go:599.2,599.19 1 1
github.com/antonvlasov/geo/cache/cache.go:590.15,592.3 1 1
github.com/antonvlasov/geo/cache/cache.go:593.15,595.3 1 0
github.com/antonvlasov/geo/cache/cache.go:596.21,598.3 1 0
github.com/antonvlasov/geo/cache/cache.go:601.66,602.20 1 1
github.com/antonvlasov/geo/cache/cache.go:606.2,609.23 4 1
github.com/antonvlasov/geo/cache/cache.go:629.2,629.8 1 1
github.com/antonvlasov/geo/cache/cache.go:602.20,605.3 2 0
github.com/antonvlasov/geo/cache/cache.go:610.13,614.17 4 1
github.com/antonvlasov/geo/cache/cache.go:617.3,618.18 2 1
github.com/antonvlasov/geo/cache/cache.go:623.3,624.18 2 1
github.com/antonvlasov/geo/cache/cache.go:625.10,627.9 2 0
github.com/antonvlasov/geo/cache/cache.go:614.17,616.4 1 0
github.com/antonvlasov/geo/cache/cache.go:618.18,621.4 2 0
github.com/antonvlasov/geo/cache/cache.go:631.66,632.20 1 1
github.com/antonvlasov/geo/cache/cache.go:636.2,639.23 4 1
github.com/antonvlasov/geo/cache/cache.go:658.2,658.8 1 1
github.com/antonvlasov/geo/cache/cache.go:632.20,635.3 2 0
github.com/antonvlasov/geo/cache/cache.go:640.13,644.17 4 1
github.com/antonvlasov/geo/cache/cache.go:648.3,649.18 2 1
github.com/antonvlasov/geo/cache/cache.go:653.3,653.33 1 1
github.com/antonvlasov/geo/cache/cache.go:654.10,656.9 2 0
github.com/antonvlasov/geo/cache/cache.go:644.17,646.4 1 0
github.com/antonvlasov/geo/cache/cache.go:649.18,651.4 1 0
github.com/antonvlasov/geo/cache/cache.go:660.66,661.20 1 1
github.com/antonvlasov/geo/cache/cache.go:665.2,668.16 4 1
github.com/antonvlasov/geo/cache/cache.go:671.2,672.8 2 1
github.com/antonvlasov/geo/cache/cache.go:661.20,664.3 2 0
github.com/antonvlasov/geo/cache/cache.go:668.16,670.3 1 0
github.com/antonvlasov/geo/cache/cache.go:674.66,675.20 1 1
github.com/antonvlasov/geo/cache/cache.go:679.2,682.16 4 1
github.com/antonvlasov/geo/cache/cache.go:685.2,686.8 2 1
github.com/antonvlasov/geo/cache/cache.go:675.20,678.3 2 0
github.com/antonvlasov/geo/cache/cache.go:682.16,684.3 1 0
github.com/antonvlasov/geo/cache/cache.go:688.90,689.16 1 0
github.com/antonvlasov/geo/cache/cache.go:690.14,691.22 1 0
github.com/antonvlasov/geo/cache/cache.go:692.13,693.21 1 0
github.com/antonvlasov/geo/cache/cache.go:694.13,695.21 1 0
github.com/antonvlasov/geo/cache/cache.go:696.13,697.21 1 0
github.com/antonvlasov/geo/cache/cache.go:698.14,699.22 1 0
github.com/antonvlasov/geo/cache/cache.go:700.14,701.22 1 0
github.com/antonvlasov/geo/cache/cache.go:702.15,703.23 1 0
github.com/antonvlasov/geo/cache/cache.go:704.15,705.23 1 0
github.com/antonvlasov/geo/cache/cache.go:706.14,707.22 1 0
github.com/antonvlasov/geo/cache/cache.go:708.14,709.22 1 0
github.com/antonvlasov/geo/cache/cache.go:710.14,711.22 1 0
github.com/antonvlasov/geo/cache/cache.go:712.14,713.22 1 0
github.com/antonvlasov/geo/cache/cache.go:714.16,715.24 1 0
github.com/antonvlasov/geo/cache/cache.go:716.14,717.22 1 0
github.com/antonvlasov/geo/cache/cache.go:718.14,719.22 1 0
github.com/antonvlasov/geo/cache/cache.go:720.10,722.9 2 0
github.com/antonvlasov/geo/cache/saving.go:14.52,16.16 2 1
github.com/antonvlasov/geo/cache/saving.go:19.2,22.16 4 1
github.com/antonvlasov/geo/cache/saving.go:25.2,28.16 4 1
github.com/antonvlasov/geo/cache/saving.go:31.2,32.8 2 1
github.com/antonvlasov/geo/cache/saving.go:16.16,18.3 1 0
github.com/antonvlasov/geo/cache/saving.go:22.16,24.3 1 0
github.com/antonvlasov/geo/cache/saving.go:28.16,30.3 1 0
github.com/antonvlasov/geo/cache/saving.go:34.52,38.16 4 1
github.com/antonvlasov/geo/cache/saving.go:41.2,44.16 4 1
github.com/antonvlasov/geo/cache/saving.go:47.2,48.16 2 1
github.com/antonvlasov/geo/cache/saving.go:51.2,51.8 1 1
github.com/antonvlasov/geo/cache/saving.go:38.16,40.3 1 0
github.com/antonvlasov/geo/cache/saving.go:44.16,46.3 1 0
github.com/antonvlasov/geo/cache/saving.go:48.16,50.3 1 0
github.com/antonvlasov/geo/cache/saving.go:53.46,56.28 3 1
github.com/antonvlasov/geo/cache/saving.go:65.2,69.16 4 1
github.com/antonvlasov/geo/cache/saving.go:72.2,74.17 3 1
github.com/antonvlasov/geo/cache/saving.go:56.28,59.17 3 1
github.com/antonvlasov/geo/cache/saving.go:62.3,63.36 2 1
github.com/antonvlasov/geo/cache/saving.go:59.17,61.4 1 0
github.com/antonvlasov/geo/cache/saving.go:69.16,71.3 1 0
github.com/antonvlasov/geo/cache/saving.go:77.47,81.16 4 1
github.com/antonvlasov/geo/cache/saving.go:84.2,85.9 2 1
github.com/antonvlasov/geo/cache/saving.go:88.2,89.9 2 1
github.com/antonvlasov/geo/cache/saving.go:92.2,92.26 1 1
github.com/antonvlasov/geo/cache/saving.go:121.2,122.9 2 1
github.com/antonvlasov/geo/cache/saving.go:126.2,127.16 2 1
github.com/antonvlasov/geo/cache/saving.go:131.2,133.16 3 1
github.com/antonvlasov/geo/cache/saving.go:139.2,139.12 1 1
github.com/antonvlasov/geo/cache/saving.go:81.16,83.3 1 0
github.com/antonvlasov/geo/cache/saving.go:85.9,87.3 1 0
github.com/antonvlasov/geo/cache/saving.go:89.9,91.3 1 0
github.com/antonvlasov/geo/cache/saving.go:92.26,94.17 2 1
github.com/antonvlasov/geo/cache/saving.go:98.3,100.17 3 1
github.com/antonvlasov/geo/cache/saving.go:105.3,107.17 3 1
github.com/antonvlasov/geo/cache/saving.go:112.3,114.17 3 1
github.com/antonvlasov/geo/cache/saving.go:94.17,96.4 1 0
github.com/antonvlasov/geo/cache/saving.go:100.17,102.12 2 1
github.com/antonvlasov/geo/cache/saving.go:107.17,109.12 2 1
github.com/antonvlasov/geo/cache/saving.go:114.17,116.12 2 1
github.com/antonvlasov/geo/cache/saving.go:117.9,119.4 1 0
github.com/antonvlasov/geo/cache/saving.go:122.9,124.3 1 0
github.com/antonvlasov/geo/cache/saving.go:127.16,129.3 1 0
github.com/antonvlasov/geo/cache/saving.go:133.16,136.3 2 1
github.com/antonvlasov/geo/cache/saving.go:136.8,138.3 1 0
github.com/antonvlasov/geo/cache/saving.go:175.46,178.63 3 1
github.com/antonvlasov/geo/cache/saving.go:182.2,183.16 2 1
github.com/antonvlasov/geo/cache/saving.go:186.2,188.19 3 1
github.com/antonvlasov/geo/cache/saving.go:178.63,181.3 2 1
github.com/antonvlasov/geo/cache/saving.go:183.16,185.3 1 0
github.com/antonvlasov/geo/cache/saving.go:190.47,196.16 6 1
github.com/antonvlasov/geo/cache/saving.go:199.2,199.21 1 1
github.com/antonvlasov/geo/cache/saving.go:202.2,202.12 1 1
github.com/antonvlasov/geo/cache/saving.go:196.16,198.3 1 1
github.com/antonvlasov/geo/cache/saving.go:199.21,201.3 1 1
